(---------------------------------------------------------------------)
(                                                                     )
(    Allegro Netrev Import Logic                                      )
(                                                                     )
(    Drawing          : WEEK 11 ECG PROJECT.brd                       )
(    Software Version : 16.6P004                                      )
(    Date/Time        : Sun May 23 18:12:42 2021                      )
(                                                                     )
(---------------------------------------------------------------------)


------ Directives ------

RIPUP_ETCH FALSE;
RIPUP_DELETE_FIRST_SEGMENT FALSE;
RIPUP_RETAIN_BONDWIRE FALSE;
RIPUP_SYMBOLS ALWAYS;
Missing symbol has error FALSE;
SCHEMATIC_DIRECTORY 'C:\ORCAD\WEEK 11\allegro';
BOARD_DIRECTORY '';
OLD_BOARD_NAME 'C:/ORCAD/WEEK 11/allegro/WEEK 11 ECG PROJECT.brd';
NEW_BOARD_NAME 'C:/ORCAD/WEEK 11/allegro/WEEK 11 ECG PROJECT.brd';

CmdLine: netrev.exe -y 1 -n -i C:\ORCAD\WEEK 11\allegro C:\ORCAD\WEEK 11\allegro\WEEK 11 ECG PROJECT.brd C:\ORCAD\WEEK 11\allegro\WEEK 11 ECG PROJECT.brd

------ Preparing to read pst files ------

Starting to read C:/ORCAD/WEEK 11/allegro/pstchip.dat 
   Finished reading C:/ORCAD/WEEK 11/allegro/pstchip.dat (00:00:00.10)
Starting to read C:/ORCAD/WEEK 11/allegro/pstxprt.dat 
   Finished reading C:/ORCAD/WEEK 11/allegro/pstxprt.dat (00:00:00.00)
Starting to read C:/ORCAD/WEEK 11/allegro/pstxnet.dat 
   Finished reading C:/ORCAD/WEEK 11/allegro/pstxnet.dat (00:00:00.00)

------ Oversights/Warnings/Errors ------


------ Library Paths ------
MODULEPATH =  . 
           C:/OrCAD/OrCAD_16.6_Lite/share/local/pcb/modules 

PSMPATH =  . 
           symbols 
           .. 
           ../symbols 
           C:/OrCAD/OrCAD_16.6_Lite/share/local/pcb/symbols 
           C:/OrCAD/OrCAD_16.6_Lite/share/pcb/pcb_lib/symbols 
           C:/OrCAD/OrCAD_16.6_Lite/share/pcb/allegrolib/symbols 
           C:/OrCAD/week 5/ 

PADPATH =  . 
           symbols 
           .. 
           ../symbols 
           C:/OrCAD/OrCAD_16.6_Lite/share/local/pcb/padstacks 
           C:/OrCAD/OrCAD_16.6_Lite/share/pcb/pcb_lib/symbols 
           C:/OrCAD/OrCAD_16.6_Lite/share/pcb/allegrolib/symbols 
           C:/ORCAD/WEEK 5/ 


------ Summary Statistics ------


netrev run on May 23 18:12:42 2021
   DESIGN NAME : 'WEEK 11 ECG PROJECT'
   PACKAGING ON Sep 10 2012 04:46:09

   COMPILE 'logic'
   CHECK_PIN_NAMES OFF
   CROSS_REFERENCE OFF
   FEEDBACK OFF
   INCREMENTAL OFF
   INTERFACE_TYPE PHYSICAL
   MAX_ERRORS 500
   MERGE_MINIMUM 5
   NET_NAME_CHARS '#%&()*+-./:=>?@[]^_`|'
   NET_NAME_LENGTH 24
   OVERSIGHTS ON
   REPLACE_CHECK OFF
   SINGLE_NODE_NETS ON
   SPLIT_MINIMUM 0
   SUPPRESS   20
   WARNINGS ON

 No error detected
 No oversight detected
 No warning detected

cpu time      0:01:30
elapsed time  0:00:00

